2017-03-16 11:41:44,497 INFO Main start
2017-03-16 11:41:44,500 INFO Bonjour : Mlle. Hermes Conrad
2017-03-16 11:41:44,500 INFO Bonjour : Mlle. Zapp Brannigan
2017-03-16 11:41:44,500 INFO Bonjour : Mlle. Scruffy
2017-03-16 11:41:44,500 INFO Bonjour : Mlle. Leo Wong
2017-03-16 11:41:44,502 INFO Bonjour : Mme. Leela
2017-03-16 11:41:44,502 INFO Bonjour : Mme. Amy Wong
2017-03-16 11:41:44,503 INFO Bonjour : Mme. Richard Nixon's head
2017-03-16 11:41:44,503 INFO Bonjour : Mme. Mom
2017-03-16 11:41:44,503 INFO Bonjour : Mme. LaBarbara Conrad
2017-03-16 11:41:44,503 INFO Bonjour : Mme. Dwight Conrad
2017-03-16 11:41:44,503 INFO Bonjour : M. Fry
2017-03-16 11:41:44,505 INFO Bonjour : M. Bender
2017-03-16 11:41:44,505 INFO Bonjour : M. Hubert J. Farnsworth
2017-03-16 11:41:44,506 INFO Bonjour : M. John A. Zoidberg
2017-03-16 11:41:44,506 INFO Bonjour : M. Kif Kroker
2017-03-16 11:41:44,506 INFO Bonjour : M. Nibbler
2017-03-16 11:41:44,506 INFO Bonjour : M. Lrrr
2017-03-16 11:41:44,506 INFO Bonjour : M. Cubert Farnsworth
2017-03-16 11:41:44,506 INFO Main stop
