2017-03-08 21:46:48,265 INFO Main start
2017-03-08 21:46:48,275 INFO Bonjour : Mlle. Hermes Conrad
2017-03-08 21:46:48,275 INFO Bonjour : Mlle. Zapp Brannigan
2017-03-08 21:46:48,275 INFO Bonjour : Mlle. Scruffy
2017-03-08 21:46:48,295 INFO Bonjour : Mlle. Leo Wong
2017-03-08 21:46:48,295 INFO Bonjour : Mme. Leela
2017-03-08 21:46:48,305 INFO Bonjour : Mme. Amy Wong
2017-03-08 21:46:48,305 INFO Bonjour : Mme. Richard Nixon's head
2017-03-08 21:46:48,305 INFO Bonjour : Mme. Mom
2017-03-08 21:46:48,315 INFO Bonjour : Mme. LaBarbara Conrad
2017-03-08 21:46:48,315 INFO Bonjour : Mme. Dwight Conrad
2017-03-08 21:46:48,315 INFO Bonjour : M. Fry
2017-03-08 21:46:48,315 INFO Bonjour : M. Bender
2017-03-08 21:46:48,325 INFO Bonjour : M. Hubert J. Farnsworth
2017-03-08 21:46:48,325 INFO Bonjour : M. John A. Zoidberg
2017-03-08 21:46:48,325 INFO Bonjour : M. Kif Kroker
2017-03-08 21:46:48,335 INFO Bonjour : M. Nibbler
2017-03-08 21:46:48,335 INFO Bonjour : M. Lrrr
2017-03-08 21:46:48,335 INFO Bonjour : M. Cubert Farnsworth
2017-03-08 21:46:48,335 INFO Main stop
