2017-03-17 00:17:58,920 INFO Main start
2017-03-17 00:17:58,936 INFO Bonjour : Mlle. Hermes Conrad
2017-03-17 00:17:58,936 INFO Bonjour : Mlle. Zapp Brannigan
2017-03-17 00:17:58,936 INFO Bonjour : Mlle. Scruffy
2017-03-17 00:17:58,936 INFO Bonjour : Mlle. Leo Wong
2017-03-17 00:17:58,936 INFO Bonjour : Mme. Leela
2017-03-17 00:17:58,936 INFO Bonjour : Mme. Amy Wong
2017-03-17 00:17:58,936 INFO Bonjour : Mme. Richard Nixon's head
2017-03-17 00:17:58,936 INFO Bonjour : Mme. Mom
2017-03-17 00:17:58,936 INFO Bonjour : Mme. LaBarbara Conrad
2017-03-17 00:17:58,936 INFO Bonjour : Mme. Dwight Conrad
2017-03-17 00:17:58,936 INFO Bonjour : M. Fry
2017-03-17 00:17:58,936 INFO Bonjour : M. Bender
2017-03-17 00:17:58,936 INFO Bonjour : M. Hubert J. Farnsworth
2017-03-17 00:17:58,936 INFO Bonjour : M. John A. Zoidberg
2017-03-17 00:17:58,936 INFO Bonjour : M. Kif Kroker
2017-03-17 00:17:58,936 INFO Bonjour : M. Nibbler
2017-03-17 00:17:58,936 INFO Bonjour : M. Lrrr
2017-03-17 00:17:58,936 INFO Bonjour : M. Cubert Farnsworth
2017-03-17 00:17:58,936 INFO Main stop
